<?xml version="1.0" encoding="UTF-8"?>
<testng-results skipped="0" failed="0" ignored="0" total="3" passed="3">
  <reporter-output>
  </reporter-output>
  <suite name="Default suite" duration-ms="79851" started-at="2020-09-25T11:45:44 IST" finished-at="2020-09-25T11:47:04 IST">
    <groups>
    </groups>
    <test name="Default test" duration-ms="79851" started-at="2020-09-25T11:45:44 IST" finished-at="2020-09-25T11:47:04 IST">
      <class name="Appium_Demo_PD.Appium_Demo_PD.Tests.Testcases">
        <test-method status="PASS" signature="setup()[pri:0, instance:Appium_Demo_PD.Appium_Demo_PD.Tests.Testcases@76f2b07d]" name="setup" is-config="true" duration-ms="8726" started-at="2020-09-25T11:45:44 IST" finished-at="2020-09-25T11:45:53 IST">
          <reporter-output>
          </reporter-output>
        </test-method> <!-- setup -->
        <test-method status="PASS" signature="addition()[pri:1, instance:Appium_Demo_PD.Appium_Demo_PD.Tests.Testcases@76f2b07d]" name="addition" duration-ms="4006" started-at="2020-09-25T11:45:53 IST" finished-at="2020-09-25T11:45:57 IST">
          <reporter-output>
          </reporter-output>
        </test-method> <!-- addition -->
        <test-method status="PASS" signature="Multiply()[pri:2, instance:Appium_Demo_PD.Appium_Demo_PD.Tests.Testcases@76f2b07d]" name="Multiply" duration-ms="3124" started-at="2020-09-25T11:45:57 IST" finished-at="2020-09-25T11:46:00 IST">
          <reporter-output>
          </reporter-output>
        </test-method> <!-- Multiply -->
        <test-method status="PASS" signature="Subtraction()[pri:2, instance:Appium_Demo_PD.Appium_Demo_PD.Tests.Testcases@76f2b07d]" name="Subtraction" duration-ms="3892" started-at="2020-09-25T11:46:00 IST" finished-at="2020-09-25T11:46:04 IST">
          <reporter-output>
          </reporter-output>
        </test-method> <!-- Subtraction -->
        <test-method status="FAIL" signature="teardown()[pri:0, instance:Appium_Demo_PD.Appium_Demo_PD.Tests.Testcases@76f2b07d]" name="teardown" is-config="true" duration-ms="60067" started-at="2020-09-25T11:46:04 IST" finished-at="2020-09-25T11:47:04 IST">
          <exception class="org.openqa.selenium.WebDriverException">
            <message>
              <![CDATA[An unknown server-side error occurred while processing the command. Original error: Could not proxy. Proxy error: Request failed with status code 404
Build info: version: '3.141.59', revision: 'e82be7d358', time: '2018-11-14T08:17:03'
System info: host: 'FG2000121988.local', ip: 'fd54:25ea:9b7b:1500:6587:71f2:cae2:373b%en0', os.name: 'Mac OS X', os.arch: 'x86_64', os.version: '10.13.6', java.version: '1.8.0_202'
Driver info: io.appium.java_client.AppiumDriver
Capabilities {appActivity: com.oneplus.calculator.Calc..., appPackage: com.oneplus.calculator, databaseEnabled: false, desired: {appActivity: com.oneplus.calculator.Calc..., appPackage: com.oneplus.calculator, devicename: ONEPLUS A6000, platformName: android, platformVersion: 10, udid: f94268a4}, deviceApiLevel: 29, deviceManufacturer: OnePlus, deviceModel: ONEPLUS A6000, deviceName: f94268a4, deviceScreenDensity: 420, deviceScreenSize: 1080x2280, deviceUDID: f94268a4, devicename: ONEPLUS A6000, javascriptEnabled: true, locationContextEnabled: false, networkConnectionEnabled: true, pixelRatio: 2.625, platform: LINUX, platformName: Android, platformVersion: 10, statBarHeight: 80, takesScreenshot: true, udid: f94268a4, viewportRect: {height: 1995, left: 0, top: 80, width: 1080}, warnings: {}, webStorageEnabled: false}
Session ID: f117059b-ad74-4f64-b518-18d13a5ae1c6]]>
            </message>
            <full-stacktrace>
              <![CDATA[org.openqa.selenium.WebDriverException: An unknown server-side error occurred while processing the command. Original error: Could not proxy. Proxy error: Request failed with status code 404
Build info: version: '3.141.59', revision: 'e82be7d358', time: '2018-11-14T08:17:03'
System info: host: 'FG2000121988.local', ip: 'fd54:25ea:9b7b:1500:6587:71f2:cae2:373b%en0', os.name: 'Mac OS X', os.arch: 'x86_64', os.version: '10.13.6', java.version: '1.8.0_202'
Driver info: io.appium.java_client.AppiumDriver
Capabilities {appActivity: com.oneplus.calculator.Calc..., appPackage: com.oneplus.calculator, databaseEnabled: false, desired: {appActivity: com.oneplus.calculator.Calc..., appPackage: com.oneplus.calculator, devicename: ONEPLUS A6000, platformName: android, platformVersion: 10, udid: f94268a4}, deviceApiLevel: 29, deviceManufacturer: OnePlus, deviceModel: ONEPLUS A6000, deviceName: f94268a4, deviceScreenDensity: 420, deviceScreenSize: 1080x2280, deviceUDID: f94268a4, devicename: ONEPLUS A6000, javascriptEnabled: true, locationContextEnabled: false, networkConnectionEnabled: true, pixelRatio: 2.625, platform: LINUX, platformName: Android, platformVersion: 10, statBarHeight: 80, takesScreenshot: true, udid: f94268a4, viewportRect: {height: 1995, left: 0, top: 80, width: 1080}, warnings: {}, webStorageEnabled: false}
Session ID: f117059b-ad74-4f64-b518-18d13a5ae1c6
at sun.reflect.NativeConstructorAccessorImpl.newInstance0(Native Method)
at sun.reflect.NativeConstructorAccessorImpl.newInstance(NativeConstructorAccessorImpl.java:62)
at sun.reflect.DelegatingConstructorAccessorImpl.newInstance(DelegatingConstructorAccessorImpl.java:45)
at java.lang.reflect.Constructor.newInstance(Constructor.java:423)
at org.openqa.selenium.remote.http.W3CHttpResponseCodec.createException(W3CHttpResponseCodec.java:187)
at org.openqa.selenium.remote.http.W3CHttpResponseCodec.decode(W3CHttpResponseCodec.java:122)
at org.openqa.selenium.remote.http.W3CHttpResponseCodec.decode(W3CHttpResponseCodec.java:49)
at org.openqa.selenium.remote.HttpCommandExecutor.execute(HttpCommandExecutor.java:158)
at io.appium.java_client.remote.AppiumCommandExecutor.execute(AppiumCommandExecutor.java:239)
at org.openqa.selenium.remote.RemoteWebDriver.execute(RemoteWebDriver.java:552)
at io.appium.java_client.DefaultGenericMobileDriver.execute(DefaultGenericMobileDriver.java:45)
at io.appium.java_client.AppiumDriver.execute(AppiumDriver.java:1)
at org.openqa.selenium.remote.RemoteWebDriver.close(RemoteWebDriver.java:442)
at Appium_Demo_PD.Appium_Demo_PD.Tests.BaseClass.teardown(BaseClass.java:47)
at sun.reflect.NativeMethodAccessorImpl.invoke0(Native Method)
at sun.reflect.NativeMethodAccessorImpl.invoke(NativeMethodAccessorImpl.java:62)
at sun.reflect.DelegatingMethodAccessorImpl.invoke(DelegatingMethodAccessorImpl.java:43)
at java.lang.reflect.Method.invoke(Method.java:498)
at org.testng.internal.MethodInvocationHelper.invokeMethod(MethodInvocationHelper.java:132)
at org.testng.internal.MethodInvocationHelper.invokeMethodConsideringTimeout(MethodInvocationHelper.java:61)
at org.testng.internal.ConfigInvoker.invokeConfigurationMethod(ConfigInvoker.java:366)
at org.testng.internal.ConfigInvoker.invokeConfigurations(ConfigInvoker.java:320)
at org.testng.TestRunner.invokeTestConfigurations(TestRunner.java:617)
at org.testng.TestRunner.afterRun(TestRunner.java:847)
at org.testng.TestRunner.run(TestRunner.java:588)
at org.testng.SuiteRunner.runTest(SuiteRunner.java:384)
at org.testng.SuiteRunner.runSequentially(SuiteRunner.java:378)
at org.testng.SuiteRunner.privateRun(SuiteRunner.java:337)
at org.testng.SuiteRunner.run(SuiteRunner.java:286)
at org.testng.SuiteRunnerWorker.runSuite(SuiteRunnerWorker.java:53)
at org.testng.SuiteRunnerWorker.run(SuiteRunnerWorker.java:96)
at org.testng.TestNG.runSuitesSequentially(TestNG.java:1218)
at org.testng.TestNG.runSuitesLocally(TestNG.java:1140)
at org.testng.TestNG.runSuites(TestNG.java:1069)
at org.testng.TestNG.run(TestNG.java:1037)
at org.testng.remote.AbstractRemoteTestNG.run(AbstractRemoteTestNG.java:115)
at org.testng.remote.RemoteTestNG.initAndRun(RemoteTestNG.java:251)
at org.testng.remote.RemoteTestNG.main(RemoteTestNG.java:77)
]]>
            </full-stacktrace>
          </exception> <!-- org.openqa.selenium.WebDriverException -->
          <reporter-output>
          </reporter-output>
        </test-method> <!-- teardown -->
      </class> <!-- Appium_Demo_PD.Appium_Demo_PD.Tests.Testcases -->
    </test> <!-- Default test -->
  </suite> <!-- Default suite -->
</testng-results>
